05:07:03.738 [main] DEBUG com.intuit.karate.Suite - [config] classpath:karate-config.js
05:07:07.814 [main] INFO  com.intuit.karate - karate.env system property was: null 
05:07:07.848 [main] INFO  com.intuit.karate - >> lock acquired, begin callSingle: classpath:helpers/CreateToken.feature
05:07:09.411 [main] DEBUG com.intuit.karate - request:
1 > POST https://api.realworld.io/api/users/login
1 > Content-Type: application/json; charset=UTF-8
1 > Content-Length: 67
1 > Host: api.realworld.io
1 > Connection: Keep-Alive
1 > User-Agent: Apache-HttpClient/4.5.14 (Java/11.0.20)
1 > Accept-Encoding: gzip,deflate
{"user":{"email":"goldbuildkarate@karate.com","password":"karate"}}

05:07:10.336 [main] DEBUG com.intuit.karate - response time in milliseconds: 907
1 < 200
1 < Date: Fri, 15 Sep 2023 04:07:10 GMT
1 < Content-Type: application/json; charset=utf-8
1 < Transfer-Encoding: chunked
1 < Connection: keep-alive
1 < X-Powered-By: Express
1 < Access-Control-Allow-Origin: *
1 < Etag: W/"182-+V3/seGoAtUtGeVWaCep7jMz5Gw"
1 < Via: 1.1 vegur
1 < CF-Cache-Status: DYNAMIC
1 < Report-To: {"endpoints":[{"url":"https:\/\/a.nel.cloudflare.com\/report\/v3?s=IJqMc3szkGI088t9AcHzog6x%2F%2BQwl9B67kj9qHVu%2FqILmMN4L4lyyzPgilQJJKg5L1HperVXFvxl%2FFaFBeQM1Aij7Ewyd6wi3tYd1WQFxJkh4YoE7x%2Bo7Rm0nSO1PF87hgGB"}],"group":"cf-nel","max_age":604800}
1 < NEL: {"success_fraction":0,"report_to":"cf-nel","max_age":604800}
1 < Server: cloudflare
1 < CF-RAY: 806e004fcdaadcab-LHR
1 < alt-svc: h3=":443"; ma=86400
{"user":{"email":"goldbuildkarate@karate.com","username":"goldbuildkarate","bio":null,"image":"https://api.realworld.io/images/smiley-cyrus.jpeg","token":"eyJhbGciOiJIUzI1NiIsInR5cCI6IkpXVCJ9.eyJ1c2VyIjp7ImVtYWlsIjoiZ29sZGJ1aWxka2FyYXRlQGthcmF0ZS5jb20iLCJ1c2VybmFtZSI6ImdvbGRidWlsZGthcmF0ZSJ9LCJpYXQiOjE2OTQ3NTA4MzAsImV4cCI6MTY5OTkzNDgzMH0.roKKBeS8BRSJBrMa3yZ9p5xriaAFSggnemTbIu5RMmY"}}

05:07:10.401 [main] INFO  com.intuit.karate - << lock released, cached callSingle: classpath:helpers/CreateToken.feature
05:07:11.147 [main] DEBUG com.intuit.karate - request:
1 > POST https://api.realworld.io/api/articles
1 > Authorization: Token eyJhbGciOiJIUzI1NiIsInR5cCI6IkpXVCJ9.eyJ1c2VyIjp7ImVtYWlsIjoiZ29sZGJ1aWxka2FyYXRlQGthcmF0ZS5jb20iLCJ1c2VybmFtZSI6ImdvbGRidWlsZGthcmF0ZSJ9LCJpYXQiOjE2OTQ3NTA4MzAsImV4cCI6MTY5OTkzNDgzMH0.roKKBeS8BRSJBrMa3yZ9p5xriaAFSggnemTbIu5RMmY
1 > Content-Type: application/json; charset=UTF-8
1 > Content-Length: 105
1 > Host: api.realworld.io
1 > Connection: Keep-Alive
1 > User-Agent: Apache-HttpClient/4.5.14 (Java/11.0.20)
1 > Accept-Encoding: gzip,deflate
{"article":{"taglist":[],"title":"Ondrew Locke","description":"Oros","body":"The things I do for love."}}

05:07:11.526 [main] DEBUG com.intuit.karate - response time in milliseconds: 376
1 < 201
1 < Date: Fri, 15 Sep 2023 04:07:11 GMT
1 < Content-Type: application/json; charset=utf-8
1 < Content-Length: 378
1 < Connection: keep-alive
1 < X-Powered-By: Express
1 < Access-Control-Allow-Origin: *
1 < Etag: W/"17a-JJtQjZCvv0lZbFBoE8RPgk6UQ4c"
1 < Via: 1.1 vegur
1 < CF-Cache-Status: DYNAMIC
1 < Report-To: {"endpoints":[{"url":"https:\/\/a.nel.cloudflare.com\/report\/v3?s=%2FQzKtd%2FX3nwjNS%2BokdqzfbW6rqv4k7BocOvMNKVTRIt1WU7ig6XtU%2BEhGdlsrKhXULyn0lSLlBwTKlhCyitciicwF6k%2FsfBe68BbiQi%2FFV8fqQmVZwaSamAqX5f5GMyx5La6"}],"group":"cf-nel","max_age":604800}
1 < NEL: {"success_fraction":0,"report_to":"cf-nel","max_age":604800}
1 < Server: cloudflare
1 < CF-RAY: 806e0057ebf0dd1b-LHR
1 < alt-svc: h3=":443"; ma=86400
{"article":{"slug":"Ondrew-Locke-228757","title":"Ondrew Locke","description":"Oros","body":"The things I do for love.","tagList":[],"createdAt":"2023-09-15T04:07:11.484Z","updatedAt":"2023-09-15T04:07:11.484Z","favorited":false,"favoritesCount":0,"author":{"username":"goldbuildkarate","bio":null,"image":"https://api.realworld.io/images/smiley-cyrus.jpeg","following":false}}}

05:07:11.719 [main] DEBUG com.intuit.karate - request:
2 > GET https://api.realworld.io/api/articles?offset=0&author=goldbuildkarate&limit=10
2 > Authorization: Token eyJhbGciOiJIUzI1NiIsInR5cCI6IkpXVCJ9.eyJ1c2VyIjp7ImVtYWlsIjoiZ29sZGJ1aWxka2FyYXRlQGthcmF0ZS5jb20iLCJ1c2VybmFtZSI6ImdvbGRidWlsZGthcmF0ZSJ9LCJpYXQiOjE2OTQ3NTA4MzAsImV4cCI6MTY5OTkzNDgzMH0.roKKBeS8BRSJBrMa3yZ9p5xriaAFSggnemTbIu5RMmY
2 > Host: api.realworld.io
2 > Connection: Keep-Alive
2 > User-Agent: Apache-HttpClient/4.5.14 (Java/11.0.20)
2 > Accept-Encoding: gzip,deflate


05:07:12.456 [main] DEBUG com.intuit.karate - response time in milliseconds: 732
2 < 200
2 < Date: Fri, 15 Sep 2023 04:07:12 GMT
2 < Content-Type: application/json; charset=utf-8
2 < Transfer-Encoding: chunked
2 < Connection: keep-alive
2 < X-Powered-By: Express
2 < Access-Control-Allow-Origin: *
2 < Etag: W/"5bf-A/3r7xeT7kpopRoVKJ3ZG+Iagps"
2 < Via: 1.1 vegur
2 < CF-Cache-Status: DYNAMIC
2 < Report-To: {"endpoints":[{"url":"https:\/\/a.nel.cloudflare.com\/report\/v3?s=ypo033aZenR2cnD9z294vCVFiw5xQIDbdqqVHHZynoVE8l2eFm3xkn9nJci%2Fha%2BMWftKqnWYAGc6QA2lC5ZWc7n8VnZhpPLxqk2ciX9DzgmuPPLN4KmTZ14C6qoT%2BqvqR0Bm"}],"group":"cf-nel","max_age":604800}
2 < NEL: {"success_fraction":0,"report_to":"cf-nel","max_age":604800}
2 < Server: cloudflare
2 < CF-RAY: 806e005b793b719c-LHR
2 < alt-svc: h3=":443"; ma=86400
{"articles":[{"slug":"Ondrew-Locke-228757","title":"Ondrew Locke","description":"Oros","body":"The things I do for love.","tagList":[],"createdAt":"2023-09-15T04:07:11.484Z","updatedAt":"2023-09-15T04:07:11.484Z","favorited":false,"favoritesCount":0,"author":{"username":"goldbuildkarate","bio":null,"image":"https://api.realworld.io/images/smiley-cyrus.jpeg","following":false}},{"slug":"Bla-Bla-Bla-228757","title":"Bla Bla Bla","description":"test test","body":"body","tagList":[],"createdAt":"2023-09-09T03:45:18.791Z","updatedAt":"2023-09-09T03:45:18.791Z","favorited":false,"favoritesCount":0,"author":{"username":"goldbuildkarate","bio":null,"image":"https://api.realworld.io/images/smiley-cyrus.jpeg","following":false}},{"slug":"new-article-228757","title":"new article","description":"new stuff","body":"this is a test","tagList":[],"createdAt":"2023-09-08T21:01:31.585Z","updatedAt":"2023-09-08T21:01:31.585Z","favorited":false,"favoritesCount":0,"author":{"username":"goldbuildkarate","bio":null,"image":"https://api.realworld.io/images/smiley-cyrus.jpeg","following":false}},{"slug":"this-is-a-test-228757","title":"this is a test","description":"test","body":"article about test","tagList":[],"createdAt":"2023-09-08T20:56:54.072Z","updatedAt":"2023-09-08T20:56:54.072Z","favorited":false,"favoritesCount":0,"author":{"username":"goldbuildkarate","bio":null,"image":"https://api.realworld.io/images/smiley-cyrus.jpeg","following":false}}],"articlesCount":4}

05:07:12.598 [main] DEBUG com.intuit.karate - request:
3 > DELETE https://api.realworld.io/api/articles/Ondrew-Locke-228757
3 > Authorization: Token eyJhbGciOiJIUzI1NiIsInR5cCI6IkpXVCJ9.eyJ1c2VyIjp7ImVtYWlsIjoiZ29sZGJ1aWxka2FyYXRlQGthcmF0ZS5jb20iLCJ1c2VybmFtZSI6ImdvbGRidWlsZGthcmF0ZSJ9LCJpYXQiOjE2OTQ3NTA4MzAsImV4cCI6MTY5OTkzNDgzMH0.roKKBeS8BRSJBrMa3yZ9p5xriaAFSggnemTbIu5RMmY
3 > Host: api.realworld.io
3 > Connection: Keep-Alive
3 > User-Agent: Apache-HttpClient/4.5.14 (Java/11.0.20)
3 > Accept-Encoding: gzip,deflate


05:07:12.969 [main] DEBUG com.intuit.karate - response time in milliseconds: 369
3 < 204
3 < Date: Fri, 15 Sep 2023 04:07:13 GMT
3 < Content-Length: 0
3 < Connection: keep-alive
3 < X-Powered-By: Express
3 < Access-Control-Allow-Origin: *
3 < Etag: W/"a-bAsFyilMr4Ra1hIU5PyoyFRunpI"
3 < Via: 1.1 vegur
3 < CF-Cache-Status: DYNAMIC
3 < Report-To: {"endpoints":[{"url":"https:\/\/a.nel.cloudflare.com\/report\/v3?s=W170RNpr9BB0qiFCeDcbDEVfaWzk9Kk2A1GR4dJWEXvoZYQ%2FJapflWXf%2FsuCH5G8EMILpuiY60AQHl9woYiHt6ugnB57gItA5wYhYrpDZ4v%2Fe2tL1F0M%2BlpQ2odEKryjFL6q"}],"group":"cf-nel","max_age":604800}
3 < NEL: {"success_fraction":0,"report_to":"cf-nel","max_age":604800}
3 < Server: cloudflare
3 < CF-RAY: 806e00610b544888-LHR
3 < alt-svc: h3=":443"; ma=86400


05:07:12.986 [main] DEBUG com.intuit.karate - request:
4 > GET https://api.realworld.io/api/articles?offset=0&author=goldbuildkarate&limit=10
4 > Authorization: Token eyJhbGciOiJIUzI1NiIsInR5cCI6IkpXVCJ9.eyJ1c2VyIjp7ImVtYWlsIjoiZ29sZGJ1aWxka2FyYXRlQGthcmF0ZS5jb20iLCJ1c2VybmFtZSI6ImdvbGRidWlsZGthcmF0ZSJ9LCJpYXQiOjE2OTQ3NTA4MzAsImV4cCI6MTY5OTkzNDgzMH0.roKKBeS8BRSJBrMa3yZ9p5xriaAFSggnemTbIu5RMmY
4 > Host: api.realworld.io
4 > Connection: Keep-Alive
4 > User-Agent: Apache-HttpClient/4.5.14 (Java/11.0.20)
4 > Accept-Encoding: gzip,deflate


05:07:13.688 [main] DEBUG com.intuit.karate - response time in milliseconds: 695
4 < 200
4 < Date: Fri, 15 Sep 2023 04:07:13 GMT
4 < Content-Type: application/json; charset=utf-8
4 < Transfer-Encoding: chunked
4 < Connection: keep-alive
4 < X-Powered-By: Express
4 < Access-Control-Allow-Origin: *
4 < Etag: W/"450-pk++qivL9HZvWD7jQ6+KTndV0lk"
4 < Via: 1.1 vegur
4 < CF-Cache-Status: DYNAMIC
4 < Report-To: {"endpoints":[{"url":"https:\/\/a.nel.cloudflare.com\/report\/v3?s=BJho0%2FQf2g1utyun5MRIts4SePNkPNUGzxSoMbn9PT1whooUX6btBoewC9t9Dmxz4O9fqQOKpe4fNIeEmnnmcjzpV8ocBODa0oTkr%2FV5i5FRCP%2FzlIf8k6ay%2B4ondOWikYnK"}],"group":"cf-nel","max_age":604800}
4 < NEL: {"success_fraction":0,"report_to":"cf-nel","max_age":604800}
4 < Server: cloudflare
4 < CF-RAY: 806e00637abddd81-LHR
4 < alt-svc: h3=":443"; ma=86400
{"articles":[{"slug":"Bla-Bla-Bla-228757","title":"Bla Bla Bla","description":"test test","body":"body","tagList":[],"createdAt":"2023-09-09T03:45:18.791Z","updatedAt":"2023-09-09T03:45:18.791Z","favorited":false,"favoritesCount":0,"author":{"username":"goldbuildkarate","bio":null,"image":"https://api.realworld.io/images/smiley-cyrus.jpeg","following":false}},{"slug":"new-article-228757","title":"new article","description":"new stuff","body":"this is a test","tagList":[],"createdAt":"2023-09-08T21:01:31.585Z","updatedAt":"2023-09-08T21:01:31.585Z","favorited":false,"favoritesCount":0,"author":{"username":"goldbuildkarate","bio":null,"image":"https://api.realworld.io/images/smiley-cyrus.jpeg","following":false}},{"slug":"this-is-a-test-228757","title":"this is a test","description":"test","body":"article about test","tagList":[],"createdAt":"2023-09-08T20:56:54.072Z","updatedAt":"2023-09-08T20:56:54.072Z","favorited":false,"favoritesCount":0,"author":{"username":"goldbuildkarate","bio":null,"image":"https://api.realworld.io/images/smiley-cyrus.jpeg","following":false}}],"articlesCount":3}

05:07:16.227 [main] INFO  com.intuit.karate.Suite - <<pass>> feature 1 of 4 (0 remaining) classpath:conduitApp/feature/Articles.feature
05:07:16.257 [main] INFO  com.intuit.karate - karate.env system property was: null 
05:07:16.270 [main] DEBUG com.intuit.karate - request:
1 > GET https://api.realworld.io/api/tags
1 > Authorization: Token eyJhbGciOiJIUzI1NiIsInR5cCI6IkpXVCJ9.eyJ1c2VyIjp7ImVtYWlsIjoiZ29sZGJ1aWxka2FyYXRlQGthcmF0ZS5jb20iLCJ1c2VybmFtZSI6ImdvbGRidWlsZGthcmF0ZSJ9LCJpYXQiOjE2OTQ3NTA4MzAsImV4cCI6MTY5OTkzNDgzMH0.roKKBeS8BRSJBrMa3yZ9p5xriaAFSggnemTbIu5RMmY
1 > Host: api.realworld.io
1 > Connection: Keep-Alive
1 > User-Agent: Apache-HttpClient/4.5.14 (Java/11.0.20)
1 > Accept-Encoding: gzip,deflate


05:07:16.841 [main] DEBUG com.intuit.karate - response time in milliseconds: 567
1 < 200
1 < Date: Fri, 15 Sep 2023 04:07:16 GMT
1 < Content-Type: application/json; charset=utf-8
1 < Transfer-Encoding: chunked
1 < Connection: keep-alive
1 < X-Powered-By: Express
1 < Access-Control-Allow-Origin: *
1 < Etag: W/"76-JNoQ7jScO0YBsIzJuQiyDpRcKAI"
1 < Via: 1.1 vegur
1 < CF-Cache-Status: DYNAMIC
1 < Report-To: {"endpoints":[{"url":"https:\/\/a.nel.cloudflare.com\/report\/v3?s=%2BhxtQW16MVoGLJ6qlbPxGBOHLU0XqoBOL%2FGOZ34SKr51OU97wQLxnwFPbwa17WpDQORlL51M9rKLK1KKUxILvMATNEI64ThVBGiCfxKdfBUrzokD1NrVflvhMTcxB1pOkimh"}],"group":"cf-nel","max_age":604800}
1 < NEL: {"success_fraction":0,"report_to":"cf-nel","max_age":604800}
1 < Server: cloudflare
1 < CF-RAY: 806e0077da45dcef-LHR
1 < alt-svc: h3=":443"; ma=86400
{"tags":["welcome","implementations","introduction","codebaseShow","ipsum","qui","cupiditate","et","quia","deserunt"]}

05:07:16.950 [main] INFO  com.intuit.karate - karate.env system property was: null 
05:07:17.029 [main] DEBUG com.intuit.karate - request:
1 > GET https://api.realworld.io/api/articles?offset=0&limit=10
1 > Authorization: Token eyJhbGciOiJIUzI1NiIsInR5cCI6IkpXVCJ9.eyJ1c2VyIjp7ImVtYWlsIjoiZ29sZGJ1aWxka2FyYXRlQGthcmF0ZS5jb20iLCJ1c2VybmFtZSI6ImdvbGRidWlsZGthcmF0ZSJ9LCJpYXQiOjE2OTQ3NTA4MzAsImV4cCI6MTY5OTkzNDgzMH0.roKKBeS8BRSJBrMa3yZ9p5xriaAFSggnemTbIu5RMmY
1 > Host: api.realworld.io
1 > Connection: Keep-Alive
1 > User-Agent: Apache-HttpClient/4.5.14 (Java/11.0.20)
1 > Accept-Encoding: gzip,deflate


05:07:18.084 [main] DEBUG com.intuit.karate - response time in milliseconds: 1048
1 < 200
1 < Date: Fri, 15 Sep 2023 04:07:18 GMT
1 < Content-Type: application/json; charset=utf-8
1 < Transfer-Encoding: chunked
1 < Connection: keep-alive
1 < X-Powered-By: Express
1 < Access-Control-Allow-Origin: *
1 < Etag: W/"415b-TWsMkl/dGeMlDwhMtcU8SK88WdU"
1 < Via: 1.1 vegur
1 < CF-Cache-Status: DYNAMIC
1 < Report-To: {"endpoints":[{"url":"https:\/\/a.nel.cloudflare.com\/report\/v3?s=VbxpA54lDPrGk5L8mQ7%2FnMaYZ6xaBaMJAji6woOOBLd%2FEBwLIXORyjPvSPyx0qpSXCbuWojuN7xmADbx633pJpJWOFWIGC%2B1PeuLivyTSO1uohTSlkmFQCJ9FrECQaK82Ymo"}],"group":"cf-nel","max_age":604800}
1 < NEL: {"success_fraction":0,"report_to":"cf-nel","max_age":604800}
1 < Server: cloudflare
1 < CF-RAY: 806e007ca822dd50-LHR
1 < alt-svc: h3=":443"; ma=86400
{"articles":[{"slug":"Bla-Bla-Bla-228757","title":"Bla Bla Bla","description":"test test","body":"body","tagList":[],"createdAt":"2023-09-09T03:45:18.791Z","updatedAt":"2023-09-09T03:45:18.791Z","favorited":false,"favoritesCount":0,"author":{"username":"goldbuildkarate","bio":null,"image":"https://api.realworld.io/images/smiley-cyrus.jpeg","following":false}},{"slug":"new-article-228757","title":"new article","description":"new stuff","body":"this is a test","tagList":[],"createdAt":"2023-09-08T21:01:31.585Z","updatedAt":"2023-09-08T21:01:31.585Z","favorited":false,"favoritesCount":0,"author":{"username":"goldbuildkarate","bio":null,"image":"https://api.realworld.io/images/smiley-cyrus.jpeg","following":false}},{"slug":"this-is-a-test-228757","title":"this is a test","description":"test","body":"article about test","tagList":[],"createdAt":"2023-09-08T20:56:54.072Z","updatedAt":"2023-09-08T20:56:54.072Z","favorited":false,"favoritesCount":0,"author":{"username":"goldbuildkarate","bio":null,"image":"https://api.realworld.io/images/smiley-cyrus.jpeg","following":false}},{"slug":"If-we-quantify-the-alarm-we-can-get-to-the-FTP-pixel-through-the-online-SSL-interface!-120863","title":"If we quantify the alarm, we can get to the FTP pixel through the online SSL interface!","description":"Omnis perspiciatis qui quia commodi sequi modi. Nostrum quam aut cupiditate est facere omnis possimus. Tenetur similique nemo illo soluta molestias facere quo. Ipsam totam facilis delectus nihil quidem soluta vel est omnis.","body":"Quia quo iste et aperiam voluptas consectetur a omnis et.\\nDolores et earum consequuntur sunt et.\\nEa nulla ab voluptatem dicta vel. Temporibus aut adipisci magnam aliquam eveniet nihil laudantium reprehenderit sit.\\nAspernatur cumque labore voluptates mollitia deleniti et. Quos pariatur tenetur.\\nQuasi omnis eveniet eos maiores esse magni possimus blanditiis.\\nQui incidunt sit quos consequatur aut qui et aperiam delectus.\\nPraesentium quas culpa.\\nEaque occaecati cumque incidunt et. Provident saepe omnis non molestiae natus et.\\nAccusamus laudantium hic unde voluptate et sunt voluptatem.\\nMollitia velit id eius mollitia occaecati repudiandae. Voluptatum tempora voluptas est odio iure odio dolorem.\\nVoluptatum est deleniti explicabo explicabo harum provident quis molestiae. Sed dolores nostrum quis. Aut ipsa et qui vel similique sed hic a.\\nVoluptates dolorem culpa nihil aut ipsam voluptatem. Cupiditate officia voluptatum.\\nTenetur facere eum distinctio animi qui laboriosam.\\nQuod sed voluptatem et cumque est eos.\\nSint id provident suscipit harum odio et. Facere beatae delectus ut.\\nPossimus voluptas perspiciatis voluptatem nihil sint praesentium.\\nSint est nihil voluptates nesciunt voluptatibus temporibus blanditiis.\\nOfficiis voluptatem earum sed. Deserunt ab porro similique est accusamus id enim aut suscipit.\\nSoluta reprehenderit error nesciunt odit veniam sed.\\nDolore optio qui aut ab.\\nAut minima provident eius repudiandae a quibusdam in nisi quam.","tagList":["rerum","maiores","omnis","quae"],"createdAt":"2022-12-09T13:46:24.264Z","updatedAt":"2022-12-09T13:46:24.264Z","favorited":false,"favoritesCount":1876,"author":{"username":"Anah Benešová","bio":null,"image":"https://api.realworld.io/images/demo-avatar.png","following":false}},{"slug":"Try-to-transmit-the-HTTP-card-maybe-it-will-override-the-multi-byte-hard-drive!-120863","title":"Try to transmit the HTTP card, maybe it will override the multi-byte hard drive!","description":"Assumenda molestiae laboriosam enim ipsum quaerat enim officia vel quo. Earum odit rem natus totam atque cumque. Sint dolorem facere non.","body":"Sunt excepturi ut dolore fuga.\\nAutem eum maiores aut nihil magnam corporis consectetur sit. Voluptate et quasi optio eos et eveniet culpa et nobis.\\nSint aut sint sequi possimus reiciendis nisi.\\nRerum et omnis et sit doloribus corporis voluptas error.\\nIusto molestiae tenetur necessitatibus dolorem omnis. Libero sed ut architecto.\\nEx itaque et modi aut voluptatem alias quae.\\nModi dolor cupiditate sit.\\nDelectus consectetur nobis aliquid deserunt sint ut et voluptas.\\nCorrupti in labore laborum quod. Ipsa laudantium deserunt. Ut atque harum inventore natus facere sed molestiae.\\nQuia aliquid ut.\\nAnimi sunt rem et sit ullam dolorem ab consequatur modi. Cupiditate officia voluptatum.\\nTenetur facere eum distinctio animi qui laboriosam.\\nQuod sed voluptatem et cumque est eos.\\nSint id provident suscipit harum odio et. Et fuga repellendus magnam dignissimos eius aspernatur rerum. Quo perferendis nesciunt.\\nDolore dolorem porro omnis voluptatibus consequuntur et expedita suscipit et.\\nTempora facere ipsa.\\nDolore accusamus soluta officiis eligendi.\\nEum quaerat neque eum beatae odio. Ad voluptate vel.\\nAut aut dolor. Cupiditate officia voluptatum.\\nTenetur facere eum distinctio animi qui laboriosam.\\nQuod sed voluptatem et cumque est eos.\\nSint id provident suscipit harum odio et.","tagList":["voluptate","rerum","ducimus","hic"],"createdAt":"2022-12-09T13:46:24.264Z","updatedAt":"2022-12-09T13:46:24.264Z","favorited":false,"favoritesCount":1842,"author":{"username":"Anah Benešová","bio":null,"image":"https://api.realworld.io/images/demo-avatar.png","following":false}},{"slug":"We-need-to-calculate-the-bluetooth-JBOD-bus!-120863","title":"We need to calculate the bluetooth JBOD bus!","description":"Ipsa nemo eos sequi nulla id accusamus nam ratione dolore. Omnis sint quisquam accusamus rem rem nihil. Non minus animi cum dolorem earum odit sequi. Rem non inventore sed dicta atque modi. Sed dolorem iste molestiae. Sed eum iste aliquid aliquid.","body":"Nisi vitae nostrum perspiciatis impedit laborum repellat ullam et ut. Qui soluta veritatis autem repellat et inventore occaecati. Reprehenderit quae quas quos sapiente ullam ut.\\nVoluptates non ut. Iusto laborum aperiam neque delectus consequuntur provident est maiores explicabo. Quia harum nulla et quos sint voluptates exercitationem corrupti. Quis nesciunt ut est eos.\\nQui reiciendis doloribus.\\nEst quidem ullam reprehenderit.\\nEst omnis eligendi quis quis quo eum officiis asperiores quis. Ipsa cumque ad repellat qui libero quia impedit fugiat.\\nExcepturi ut vitae recusandae eos quisquam et voluptatem.\\nNeque nostrum distinctio provident eius tempore odio aliquid.\\nSaepe ut suscipit architecto. Eveniet sit ipsa officiis laborum.\\nIn vel est omnis sed impedit quod magni.\\nDignissimos quis illum qui atque aut ut quasi sequi. Ab quis aut earum.\\nVoluptatem sint accusantium sed cupiditate optio.\\nConsequatur in dolores aut enim.\\nNon sunt atque maxime dolores.\\nNam impedit sit. Nemo tempore dolor maiores blanditiis quia qui qui voluptatem non.\\nNisi dolores animi laboriosam aliquam qui adipisci voluptates atque dignissimos.\\nLibero sit quibusdam corporis aut inventore natus libero.\\nPraesentium omnis dolorum temporibus repellendus qui.\\nNon nostrum doloribus occaecati dolores sit ut.","tagList":["nostrum","quia","quaerat","numquam"],"createdAt":"2022-12-09T13:46:24.263Z","updatedAt":"2022-12-09T13:46:24.263Z","favorited":false,"favoritesCount":263,"author":{"username":"Anah Benešová","bio":null,"image":"https://api.realworld.io/images/demo-avatar.png","following":false}},{"slug":"Try-to-bypass-the-SAS-card-maybe-it-will-transmit-the-solid-state-system!-120863","title":"Try to bypass the SAS card, maybe it will transmit the solid state system!","description":"Est iste totam accusamus dolorem est. Quis non sit impedit similique incidunt odio aspernatur aut rem. Architecto est eum.","body":"Ipsa cumque ad repellat qui libero quia impedit fugiat.\\nExcepturi ut vitae recusandae eos quisquam et voluptatem.\\nNeque nostrum distinctio provident eius tempore odio aliquid.\\nSaepe ut suscipit architecto. Sapiente vitae culpa ut voluptatem incidunt excepturi voluptates exercitationem.\\nSed doloribus alias consectetur omnis occaecati ad placeat labore.\\nVoluptate consequatur expedita nemo recusandae sint assumenda.\\nQui vel totam quia fugit saepe suscipit autem quasi qui.\\nEt eum vel ut delectus ut nesciunt animi. Mollitia nostrum exercitationem sunt rem.\\nRem et voluptas consequatur mollitia nostrum.\\nSunt nesciunt et pariatur quam provident impedit. Officia consectetur quibusdam velit debitis porro quia cumque.\\nSuscipit esse voluptatem cum sit totam consequatur molestiae est.\\nMollitia pariatur distinctio fugit. Qui et dolorum.\\nEveniet architecto qui accusamus et modi harum facilis a eum.\\nEt vel cumque voluptatem earum minima perferendis. Illum voluptates ut vel et.\\nUt debitis excepturi suscipit perferendis officia numquam possimus.\\nFacere sit doloremque repudiandae corrupti veniam qui. Ipsa laudantium deserunt. Totam ab necessitatibus quidem non. Mollitia nostrum exercitationem sunt rem.\\nRem et voluptas consequatur mollitia nostrum.\\nSunt nesciunt et pariatur quam provident impedit. Molestias non debitis quibusdam quis quod.\\nSaepe ab et hic unde et sed.\\nMagni voluptatem est.\\nEt similique quo porro et.","tagList":["dolores","aut","consectetur","ullam"],"createdAt":"2022-12-09T13:46:24.263Z","updatedAt":"2022-12-09T13:46:24.263Z","favorited":false,"favoritesCount":317,"author":{"username":"Anah Benešová","bio":null,"image":"https://api.realworld.io/images/demo-avatar.png","following":false}},{"slug":"quantifying-the-microchip-wont-do-anything-we-need-to-index-the-online-SQL-hard-drive!-120863","title":"quantifying the microchip wont do anything, we need to index the online SQL hard drive!","description":"Minima soluta sed sed et optio explicabo at distinctio repudiandae. Magnam deleniti a ea. Non velit accusamus veniam qui. Necessitatibus velit ad aut officiis in officiis quasi. Sunt nulla dolores voluptatem esse magnam ut.","body":"Ab rerum eos ipsa accusantium nihil voluptatem.\\nEum minus alias.\\nIure commodi at harum.\\nNostrum non occaecati omnis quisquam. Id est non ad temporibus nobis.\\nQuod soluta quae voluptatem quisquam est. Quos pariatur tenetur.\\nQuasi omnis eveniet eos maiores esse magni possimus blanditiis.\\nQui incidunt sit quos consequatur aut qui et aperiam delectus.\\nPraesentium quas culpa.\\nEaque occaecati cumque incidunt et. Sunt excepturi ut dolore fuga.\\nAutem eum maiores aut nihil magnam corporis consectetur sit. Ipsa cumque ad repellat qui libero quia impedit fugiat.\\nExcepturi ut vitae recusandae eos quisquam et voluptatem.\\nNeque nostrum distinctio provident eius tempore odio aliquid.\\nSaepe ut suscipit architecto. Cum vitae aliquam neque consequatur quia id dicta ipsam.\\nExercitationem ab eum exercitationem non alias numquam qui.\\nItaque rerum ut nobis est nam vitae exercitationem minima fugiat.\\nEst sit non tempora soluta consequatur eveniet.\\nCorporis nisi dolorem architecto voluptatem. Quos pariatur tenetur.\\nQuasi omnis eveniet eos maiores esse magni possimus blanditiis.\\nQui incidunt sit quos consequatur aut qui et aperiam delectus.\\nPraesentium quas culpa.\\nEaque occaecati cumque incidunt et. Illum voluptates ut vel et.\\nUt debitis excepturi suscipit perferendis officia numquam possimus.\\nFacere sit doloremque repudiandae corrupti veniam qui. Ab quis aut earum.\\nVoluptatem sint accusantium sed cupiditate optio.\\nConsequatur in dolores aut enim.\\nNon sunt atque maxime dolores.\\nNam impedit sit. Est est sed itaque necessitatibus vitae officiis.\\nIusto dolores sint eveniet quasi dolore quo laborum esse laboriosam.\\nModi similique aut voluptates animi aut dicta dolorum.\\nSint explicabo autem quidem et.\\nNeque aspernatur assumenda fugit provident.","tagList":["possimus","voluptatem","cupiditate"],"createdAt":"2022-12-09T13:46:24.263Z","updatedAt":"2022-12-09T13:46:24.263Z","favorited":false,"favoritesCount":512,"author":{"username":"Anah Benešová","bio":null,"image":"https://api.realworld.io/images/demo-avatar.png","following":false}},{"slug":"Try-to-generate-the-TCP-bus-maybe-it-will-override-the-neural-bandwidth!-120863","title":"Try to generate the TCP bus, maybe it will override the neural bandwidth!","description":"Pariatur ut dolor repellendus dolores ut debitis. Est iusto neque dicta voluptatibus quia nulla consequatur. Omnis aut sed dolores qui laborum a amet.","body":"Quo perferendis nesciunt.\\nDolore dolorem porro omnis voluptatibus consequuntur et expedita suscipit et.\\nTempora facere ipsa.\\nDolore accusamus soluta officiis eligendi.\\nEum quaerat neque eum beatae odio. Qui soluta veritatis autem repellat et inventore occaecati. Doloribus consequatur et labore suscipit deserunt tempore ad quasi sed.\\nQuam cupiditate modi dolor et eos et culpa qui.\\nDelectus molestias ea id.\\nIllum ea unde sapiente non non non.\\nDolorem ut sed magni. Provident saepe omnis non molestiae natus et.\\nAccusamus laudantium hic unde voluptate et sunt voluptatem.\\nMollitia velit id eius mollitia occaecati repudiandae. Incidunt doloremque enim autem quam et magnam et expedita fuga.\\nPlaceat quia dolor ut.\\nNon dolor amet temporibus quas non hic sed.\\nQui tempore enim mollitia omnis sed ut eos rerum et.\\nQuidem voluptas est vel. Placeat sequi quaerat sapiente aspernatur autem sunt molestiae voluptatem.\\nAccusamus unde libero accusamus omnis totam et temporibus. Cupiditate officia voluptatum.\\nTenetur facere eum distinctio animi qui laboriosam.\\nQuod sed voluptatem et cumque est eos.\\nSint id provident suscipit harum odio et. Iusto laborum aperiam neque delectus consequuntur provident est maiores explicabo. Laborum est maxime enim accusantium magnam.\\nRerum dolorum minus laudantium delectus eligendi necessitatibus quia.\\nDeleniti consequatur explicabo aut nobis est vero tempore.\\nExcepturi earum quo quod voluptatem quo iure vel sapiente occaecati.\\nConsectetur consequatur corporis doloribus omnis harum voluptas esse amet. Mollitia nostrum exercitationem sunt rem.\\nRem et voluptas consequatur mollitia nostrum.\\nSunt nesciunt et pariatur quam provident impedit.","tagList":["dicta","rerum","omnis","blanditiis"],"createdAt":"2022-12-09T13:46:24.263Z","updatedAt":"2022-12-09T13:46:24.263Z","favorited":false,"favoritesCount":331,"author":{"username":"Anah Benešová","bio":null,"image":"https://api.realworld.io/images/demo-avatar.png","following":false}},{"slug":"You-cant-transmit-the-firewall-without-copying-the-1080p-SDD-interface!-120863","title":"You cant transmit the firewall without copying the 1080p SDD interface!","description":"Est sed deserunt eligendi in velit saepe. Dolorem quis illo vero qui ut recusandae occaecati dolores quae. Voluptatem vero aliquam alias adipisci reiciendis odit nobis est. Vel laboriosam quia commodi rerum. Voluptatum et sed et nesciunt iure ipsum iste aut enim.","body":"Incidunt doloremque enim autem quam et magnam et expedita fuga.\\nPlaceat quia dolor ut.\\nNon dolor amet temporibus quas non hic sed.\\nQui tempore enim mollitia omnis sed ut eos rerum et.\\nQuidem voluptas est vel. Temporibus quod quidem placeat porro.\\nUnde ipsam vel explicabo. Qui et dolorum.\\nEveniet architecto qui accusamus et modi harum facilis a eum.\\nEt vel cumque voluptatem earum minima perferendis. Ducimus dolores recusandae.\\nEa aut aperiam et aut eos inventore.\\nQuia cum ducimus autem iste.\\nQuos consequuntur est delectus temporibus autem. Quas ea voluptatem iste iure.\\nEt soluta et doloremque vero quis occaecati et fuga.\\nIncidunt recusandae dignissimos iusto quisquam sed unde at ea incidunt.\\nId voluptate incidunt qui totam autem voluptas maxime atque quaerat.\\nCorporis iste ut molestiae. Laborum itaque quos provident.\\nRerum cupiditate praesentium amet voluptatem dolor impedit modi dicta.\\nVoluptates assumenda optio est.\\nNon aperiam nam consequuntur vel a commodi dicta incidunt. Autem reiciendis provident iure possimus.\\nOccaecati soluta quibusdam libero tenetur minus vel sit illo.\\nCulpa optio dolorem eos similique voluptatem voluptatibus error accusantium. Officia consectetur quibusdam velit debitis porro quia cumque.\\nSuscipit esse voluptatem cum sit totam consequatur molestiae est.\\nMollitia pariatur distinctio fugit. Quis nesciunt ut est eos.\\nQui reiciendis doloribus.\\nEst quidem ullam reprehenderit.\\nEst omnis eligendi quis quis quo eum officiis asperiores quis. Et sed dicta eveniet accusamus consequatur.\\nUllam voluptas consequatur aut eos ducimus.\\nId officia est ut dicta provident beatae ipsa.","tagList":["possimus","maiores","facilis"],"createdAt":"2022-12-09T13:46:24.263Z","updatedAt":"2022-12-09T13:46:24.263Z","favorited":false,"favoritesCount":225,"author":{"username":"Anah Benešová","bio":null,"image":"https://api.realworld.io/images/demo-avatar.png","following":false}}],"articlesCount":200}

05:07:19.336 [main] INFO  com.intuit.karate.Suite - <<pass>> feature 2 of 4 (0 remaining) classpath:conduitApp/feature/HomePage.feature
05:07:19.362 [main] INFO  com.intuit.karate - karate.env system property was: null 
05:07:19.376 [main] INFO  com.intuit.karate - [print] this is the first scenario 
05:07:19.379 [main] INFO  com.intuit.karate - after scenario 
05:07:19.393 [main] INFO  com.intuit.karate - karate.env system property was: null 
05:07:19.408 [main] INFO  com.intuit.karate - [print] this is the second scenario 
05:07:19.409 [main] INFO  com.intuit.karate - after scenario 
05:07:19.413 [main] INFO  com.intuit.karate - after feature 
05:07:19.623 [main] INFO  com.intuit.karate - [print] +++++++++++robt.wiegand 
05:07:20.185 [main] INFO  com.intuit.karate.Suite - <<pass>> feature 3 of 4 (0 remaining) classpath:conduitApp/feature/Hooks.feature
05:07:20.204 [main] INFO  com.intuit.karate - karate.env system property was: null 
05:07:20.303 [main] DEBUG com.intuit.karate - request:
1 > POST https://api.realworld.io/api/users
1 > Authorization: Token eyJhbGciOiJIUzI1NiIsInR5cCI6IkpXVCJ9.eyJ1c2VyIjp7ImVtYWlsIjoiZ29sZGJ1aWxka2FyYXRlQGthcmF0ZS5jb20iLCJ1c2VybmFtZSI6ImdvbGRidWlsZGthcmF0ZSJ9LCJpYXQiOjE2OTQ3NTA4MzAsImV4cCI6MTY5OTkzNDgzMH0.roKKBeS8BRSJBrMa3yZ9p5xriaAFSggnemTbIu5RMmY
1 > Content-Type: application/json; charset=UTF-8
1 > Content-Length: 90
1 > Host: api.realworld.io
1 > Connection: Keep-Alive
1 > User-Agent: Apache-HttpClient/4.5.14 (Java/11.0.20)
1 > Accept-Encoding: gzip,deflate
{"user":{"email":"giuseppina48@test.com","password":"123karate","username":"jennie.batz"}}

05:07:20.684 [main] DEBUG com.intuit.karate - response time in milliseconds: 377
1 < 201
1 < Date: Fri, 15 Sep 2023 04:07:20 GMT
1 < Content-Type: application/json; charset=utf-8
1 < Content-Length: 365
1 < Connection: keep-alive
1 < X-Powered-By: Express
1 < Access-Control-Allow-Origin: *
1 < Etag: W/"16d-+wRAjrC1AGwGsFPAwnhz2VPT8FM"
1 < Via: 1.1 vegur
1 < CF-Cache-Status: DYNAMIC
1 < Report-To: {"endpoints":[{"url":"https:\/\/a.nel.cloudflare.com\/report\/v3?s=ZUGLdyYkWjlhVbrzZjMf6%2BVKsgkqDG9iwI%2FG8WXlmpMb%2FBgfY2Crbbj5TA5kp8yntXK19%2BT0zTp8PqutaBJvWAqLOi4q%2F3hSDxb%2FzSa0oFiO85meCYtTtNgwny972kDIDgMa"}],"group":"cf-nel","max_age":604800}
1 < NEL: {"success_fraction":0,"report_to":"cf-nel","max_age":604800}
1 < Server: cloudflare
1 < CF-RAY: 806e00913f0323d3-LHR
1 < alt-svc: h3=":443"; ma=86400
{"user":{"email":"giuseppina48@test.com","username":"jennie.batz","bio":null,"image":"https://api.realworld.io/images/smiley-cyrus.jpeg","token":"eyJhbGciOiJIUzI1NiIsInR5cCI6IkpXVCJ9.eyJ1c2VyIjp7ImVtYWlsIjoiZ2l1c2VwcGluYTQ4QHRlc3QuY29tIiwidXNlcm5hbWUiOiJqZW5uaWUuYmF0eiJ9LCJpYXQiOjE2OTQ3NTA4NDAsImV4cCI6MTY5OTkzNDg0MH0.BOO98GayDMeQc65bW79GrrqfysuFPYpskkJjaV0MBks"}}

05:07:20.719 [main] INFO  com.intuit.karate - karate.env system property was: null 
05:07:20.908 [main] DEBUG com.intuit.karate - request:
1 > POST https://api.realworld.io/api/users
1 > Authorization: Token eyJhbGciOiJIUzI1NiIsInR5cCI6IkpXVCJ9.eyJ1c2VyIjp7ImVtYWlsIjoiZ29sZGJ1aWxka2FyYXRlQGthcmF0ZS5jb20iLCJ1c2VybmFtZSI6ImdvbGRidWlsZGthcmF0ZSJ9LCJpYXQiOjE2OTQ3NTA4MzAsImV4cCI6MTY5OTkzNDgzMH0.roKKBeS8BRSJBrMa3yZ9p5xriaAFSggnemTbIu5RMmY
1 > Content-Type: application/json; charset=UTF-8
1 > Content-Length: 86
1 > Host: api.realworld.io
1 > Connection: Keep-Alive
1 > User-Agent: Apache-HttpClient/4.5.14 (Java/11.0.20)
1 > Accept-Encoding: gzip,deflate
{"user":{"email":"olin52@test.com","password":"karate123","username":"KarateUser123"}}

05:07:21.259 [main] DEBUG com.intuit.karate - response time in milliseconds: 348
1 < 422
1 < Date: Fri, 15 Sep 2023 04:07:21 GMT
1 < Content-Type: application/json; charset=utf-8
1 < Content-Length: 50
1 < Connection: keep-alive
1 < X-Powered-By: Express
1 < Access-Control-Allow-Origin: *
1 < Etag: W/"32-JsHJTKwNHW5NSVjFTl5ds7a++54"
1 < Via: 1.1 vegur
1 < CF-Cache-Status: DYNAMIC
1 < Report-To: {"endpoints":[{"url":"https:\/\/a.nel.cloudflare.com\/report\/v3?s=uEmmnSwWSFY8fwopCgh7JaCxBhkBKMhFU8Z7kjzndH3rc%2FwoDVJ7KqrZv8A7QDBr1AUIXsb480Mh4%2Bp3klN29ROMq54MMJVlVQ2VmAjac7YkdEkDTl7%2F7CnMmC%2FTa1ikYddJ"}],"group":"cf-nel","max_age":604800}
1 < NEL: {"success_fraction":0,"report_to":"cf-nel","max_age":604800}
1 < Server: cloudflare
1 < CF-RAY: 806e0094de2f8880-LHR
1 < alt-svc: h3=":443"; ma=86400
{"errors":{"username":["has already been taken"]}}

05:07:21.299 [main] INFO  com.intuit.karate - karate.env system property was: null 
05:07:21.396 [main] DEBUG com.intuit.karate - request:
1 > POST https://api.realworld.io/api/users
1 > Authorization: Token eyJhbGciOiJIUzI1NiIsInR5cCI6IkpXVCJ9.eyJ1c2VyIjp7ImVtYWlsIjoiZ29sZGJ1aWxka2FyYXRlQGthcmF0ZS5jb20iLCJ1c2VybmFtZSI6ImdvbGRidWlsZGthcmF0ZSJ9LCJpYXQiOjE2OTQ3NTA4MzAsImV4cCI6MTY5OTkzNDgzMH0.roKKBeS8BRSJBrMa3yZ9p5xriaAFSggnemTbIu5RMmY
1 > Content-Type: application/json; charset=UTF-8
1 > Content-Length: 99
1 > Host: api.realworld.io
1 > Connection: Keep-Alive
1 > User-Agent: Apache-HttpClient/4.5.14 (Java/11.0.20)
1 > Accept-Encoding: gzip,deflate
{"user":{"email":"goldbuildkarate@karate.com","password":"karate123","username":"gregory.kuhlman"}}

05:07:21.764 [main] DEBUG com.intuit.karate - response time in milliseconds: 366
1 < 422
1 < Date: Fri, 15 Sep 2023 04:07:21 GMT
1 < Content-Type: application/json; charset=utf-8
1 < Content-Length: 47
1 < Connection: keep-alive
1 < X-Powered-By: Express
1 < Access-Control-Allow-Origin: *
1 < Etag: W/"2f-BJEnYqgmLwV4NGkXB9OccFtans4"
1 < Via: 1.1 vegur
1 < CF-Cache-Status: DYNAMIC
1 < Report-To: {"endpoints":[{"url":"https:\/\/a.nel.cloudflare.com\/report\/v3?s=MoCXD8fXDUGyxYZQlIKAcxkXX803zajHwnNGBkq2XhHJFwfRC7M8ygo%2F0ydaEUQjjoTlHoObhnQiTlY6H95mnBq4Q%2FkqRu0K3DItWSNU20dNji4hNs%2BuTyIaJeg0haWPExI3"}],"group":"cf-nel","max_age":604800}
1 < NEL: {"success_fraction":0,"report_to":"cf-nel","max_age":604800}
1 < Server: cloudflare
1 < CF-RAY: 806e0097f902dd6f-LHR
1 < alt-svc: h3=":443"; ma=86400
{"errors":{"email":["has already been taken"]}}

05:07:22.201 [main] INFO  com.intuit.karate.Suite - <<pass>> feature 4 of 4 (0 remaining) classpath:conduitApp/feature/Signup.feature
05:07:22.202 [main] DEBUG com.intuit.karate.Suite - waiting for 4 features to complete
